<?xml version="1.0" encoding="UTF-8"?>
<testng-results ignored="0" total="2" passed="2" failed="0" skipped="0">
  <reporter-output>
  </reporter-output>
  <suite started-at="2021-09-30T16:57:47 IST" name="Default suite" finished-at="2021-09-30T16:57:48 IST" duration-ms="449">
    <groups>
    </groups>
    <test started-at="2021-09-30T16:57:47 IST" name="Default test" finished-at="2021-09-30T16:57:48 IST" duration-ms="449">
      <class name="pojo.EmployeeSerializationDeserialization">
        <test-method signature="createEmployeeJSONFromEmployeePOJOClass()[pri:0, instance:pojo.EmployeeSerializationDeserialization@1e6454ec]" started-at="2021-09-30T16:57:47 IST" name="createEmployeeJSONFromEmployeePOJOClass" finished-at="2021-09-30T16:57:48 IST" duration-ms="357" status="PASS">
          <reporter-output>
          </reporter-output>
        </test-method> <!-- createEmployeeJSONFromEmployeePOJOClass -->
        <test-method signature="getPojoFromEmployeeObject()[pri:0, instance:pojo.EmployeeSerializationDeserialization@1e6454ec]" started-at="2021-09-30T16:57:48 IST" name="getPojoFromEmployeeObject" finished-at="2021-09-30T16:57:48 IST" duration-ms="33" status="PASS">
          <reporter-output>
          </reporter-output>
        </test-method> <!-- getPojoFromEmployeeObject -->
      </class> <!-- pojo.EmployeeSerializationDeserialization -->
    </test> <!-- Default test -->
  </suite> <!-- Default suite -->
</testng-results>
